[Sun May 06 2018 00:30:32 GMT+0800 (中国标准时间)]/u/admin
ReferenceError: G:\github\develop-files\node_demo\nodejs实战\blog\views\user.ejs:23
    21| 		<% } %>
    22| 		
 >> 23| 		<% if(post.reprint_info.reprint_from){ %>
    24| 			<br>
    25| 			<a href="/u/<%=post.reprint_info.reprint_from.name%>/<%=post.reprint_info.reprint_from.day%>/<%=post.reprint_info.reprint_from.title%>">原文链接</a>
    26| 		<% } %>

post is not defined
    at eval (eval at compile (G:\github\develop-files\node_demo\nodejs实战\blog\node_modules\ejs\lib\ejs.js:592:12), <anonymous>:94:11)
    at returnedFn (G:\github\develop-files\node_demo\nodejs实战\blog\node_modules\ejs\lib\ejs.js:623:17)
    at tryHandleCache (G:\github\develop-files\node_demo\nodejs实战\blog\node_modules\ejs\lib\ejs.js:251:36)
    at View.exports.renderFile [as engine] (G:\github\develop-files\node_demo\nodejs实战\blog\node_modules\ejs\lib\ejs.js:480:10)
    at View.render (G:\github\develop-files\node_demo\nodejs实战\blog\node_modules\express\lib\view.js:127:8)
    at tryRender (G:\github\develop-files\node_demo\nodejs实战\blog\node_modules\express\lib\application.js:640:10)
    at EventEmitter.render (G:\github\develop-files\node_demo\nodejs实战\blog\node_modules\express\lib\application.js:592:3)
    at ServerResponse.render (G:\github\develop-files\node_demo\nodejs实战\blog\node_modules\express\lib\response.js:971:7)
    at G:\github\develop-files\node_demo\nodejs实战\blog\routes\index.js:229:8
    at G:\github\develop-files\node_demo\nodejs实战\blog\models\post.js:83:6
[Sun May 06 2018 00:33:22 GMT+0800 (中国标准时间)]/u/admin/2018-5-5/9
SyntaxError: Unexpected token else in G:\github\develop-files\node_demo\nodejs实战\blog\views\article.ejs while compiling ejs

If the above error is not helpful, you may want to try EJS-Lint:
https://github.com/RyanZim/EJS-Lint
    at Object.compile (G:\github\develop-files\node_demo\nodejs实战\blog\node_modules\ejs\lib\ejs.js:592:12)
    at Object.compile (G:\github\develop-files\node_demo\nodejs实战\blog\node_modules\ejs\lib\ejs.js:388:16)
    at handleCache (G:\github\develop-files\node_demo\nodejs实战\blog\node_modules\ejs\lib\ejs.js:212:18)
    at tryHandleCache (G:\github\develop-files\node_demo\nodejs实战\blog\node_modules\ejs\lib\ejs.js:251:16)
    at View.exports.renderFile [as engine] (G:\github\develop-files\node_demo\nodejs实战\blog\node_modules\ejs\lib\ejs.js:480:10)
    at View.render (G:\github\develop-files\node_demo\nodejs实战\blog\node_modules\express\lib\view.js:127:8)
    at tryRender (G:\github\develop-files\node_demo\nodejs实战\blog\node_modules\express\lib\application.js:640:10)
    at EventEmitter.render (G:\github\develop-files\node_demo\nodejs实战\blog\node_modules\express\lib\application.js:592:3)
    at ServerResponse.render (G:\github\develop-files\node_demo\nodejs实战\blog\node_modules\express\lib\response.js:971:7)
    at G:\github\develop-files\node_demo\nodejs实战\blog\routes\index.js:250:7
[Sun May 06 2018 00:33:51 GMT+0800 (中国标准时间)]/u/admin/2018-5-5/9
SyntaxError: Unexpected token else in G:\github\develop-files\node_demo\nodejs实战\blog\views\article.ejs while compiling ejs

If the above error is not helpful, you may want to try EJS-Lint:
https://github.com/RyanZim/EJS-Lint
    at Object.compile (G:\github\develop-files\node_demo\nodejs实战\blog\node_modules\ejs\lib\ejs.js:592:12)
    at Object.compile (G:\github\develop-files\node_demo\nodejs实战\blog\node_modules\ejs\lib\ejs.js:388:16)
    at handleCache (G:\github\develop-files\node_demo\nodejs实战\blog\node_modules\ejs\lib\ejs.js:212:18)
    at tryHandleCache (G:\github\develop-files\node_demo\nodejs实战\blog\node_modules\ejs\lib\ejs.js:251:16)
    at View.exports.renderFile [as engine] (G:\github\develop-files\node_demo\nodejs实战\blog\node_modules\ejs\lib\ejs.js:480:10)
    at View.render (G:\github\develop-files\node_demo\nodejs实战\blog\node_modules\express\lib\view.js:127:8)
    at tryRender (G:\github\develop-files\node_demo\nodejs实战\blog\node_modules\express\lib\application.js:640:10)
    at EventEmitter.render (G:\github\develop-files\node_demo\nodejs实战\blog\node_modules\express\lib\application.js:592:3)
    at ServerResponse.render (G:\github\develop-files\node_demo\nodejs实战\blog\node_modules\express\lib\response.js:971:7)
    at G:\github\develop-files\node_demo\nodejs实战\blog\routes\index.js:250:7
[Sun May 06 2018 00:33:58 GMT+0800 (中国标准时间)]/u/admin/2018-5-5/8
SyntaxError: Unexpected token else in G:\github\develop-files\node_demo\nodejs实战\blog\views\article.ejs while compiling ejs

If the above error is not helpful, you may want to try EJS-Lint:
https://github.com/RyanZim/EJS-Lint
    at Object.compile (G:\github\develop-files\node_demo\nodejs实战\blog\node_modules\ejs\lib\ejs.js:592:12)
    at Object.compile (G:\github\develop-files\node_demo\nodejs实战\blog\node_modules\ejs\lib\ejs.js:388:16)
    at handleCache (G:\github\develop-files\node_demo\nodejs实战\blog\node_modules\ejs\lib\ejs.js:212:18)
    at tryHandleCache (G:\github\develop-files\node_demo\nodejs实战\blog\node_modules\ejs\lib\ejs.js:251:16)
    at View.exports.renderFile [as engine] (G:\github\develop-files\node_demo\nodejs实战\blog\node_modules\ejs\lib\ejs.js:480:10)
    at View.render (G:\github\develop-files\node_demo\nodejs实战\blog\node_modules\express\lib\view.js:127:8)
    at tryRender (G:\github\develop-files\node_demo\nodejs实战\blog\node_modules\express\lib\application.js:640:10)
    at EventEmitter.render (G:\github\develop-files\node_demo\nodejs实战\blog\node_modules\express\lib\application.js:592:3)
    at ServerResponse.render (G:\github\develop-files\node_demo\nodejs实战\blog\node_modules\express\lib\response.js:971:7)
    at G:\github\develop-files\node_demo\nodejs实战\blog\routes\index.js:250:7
[Sun May 06 2018 00:35:39 GMT+0800 (中国标准时间)]/u/admin/2018-5-5/9
SyntaxError: Unexpected token else in G:\github\develop-files\node_demo\nodejs实战\blog\views\article.ejs while compiling ejs

If the above error is not helpful, you may want to try EJS-Lint:
https://github.com/RyanZim/EJS-Lint
    at Object.compile (G:\github\develop-files\node_demo\nodejs实战\blog\node_modules\ejs\lib\ejs.js:592:12)
    at Object.compile (G:\github\develop-files\node_demo\nodejs实战\blog\node_modules\ejs\lib\ejs.js:388:16)
    at handleCache (G:\github\develop-files\node_demo\nodejs实战\blog\node_modules\ejs\lib\ejs.js:212:18)
    at tryHandleCache (G:\github\develop-files\node_demo\nodejs实战\blog\node_modules\ejs\lib\ejs.js:251:16)
    at View.exports.renderFile [as engine] (G:\github\develop-files\node_demo\nodejs实战\blog\node_modules\ejs\lib\ejs.js:480:10)
    at View.render (G:\github\develop-files\node_demo\nodejs实战\blog\node_modules\express\lib\view.js:127:8)
    at tryRender (G:\github\develop-files\node_demo\nodejs实战\blog\node_modules\express\lib\application.js:640:10)
    at EventEmitter.render (G:\github\develop-files\node_demo\nodejs实战\blog\node_modules\express\lib\application.js:592:3)
    at ServerResponse.render (G:\github\develop-files\node_demo\nodejs实战\blog\node_modules\express\lib\response.js:971:7)
    at G:\github\develop-files\node_demo\nodejs实战\blog\routes\index.js:250:7
[Sun May 06 2018 00:37:03 GMT+0800 (中国标准时间)]/u/admin/2018-5-5/9
SyntaxError: Unexpected token else in G:\github\develop-files\node_demo\nodejs实战\blog\views\article.ejs while compiling ejs

If the above error is not helpful, you may want to try EJS-Lint:
https://github.com/RyanZim/EJS-Lint
    at Object.compile (G:\github\develop-files\node_demo\nodejs实战\blog\node_modules\ejs\lib\ejs.js:592:12)
    at Object.compile (G:\github\develop-files\node_demo\nodejs实战\blog\node_modules\ejs\lib\ejs.js:388:16)
    at handleCache (G:\github\develop-files\node_demo\nodejs实战\blog\node_modules\ejs\lib\ejs.js:212:18)
    at tryHandleCache (G:\github\develop-files\node_demo\nodejs实战\blog\node_modules\ejs\lib\ejs.js:251:16)
    at View.exports.renderFile [as engine] (G:\github\develop-files\node_demo\nodejs实战\blog\node_modules\ejs\lib\ejs.js:480:10)
    at View.render (G:\github\develop-files\node_demo\nodejs实战\blog\node_modules\express\lib\view.js:127:8)
    at tryRender (G:\github\develop-files\node_demo\nodejs实战\blog\node_modules\express\lib\application.js:640:10)
    at EventEmitter.render (G:\github\develop-files\node_demo\nodejs实战\blog\node_modules\express\lib\application.js:592:3)
    at ServerResponse.render (G:\github\develop-files\node_demo\nodejs实战\blog\node_modules\express\lib\response.js:971:7)
    at G:\github\develop-files\node_demo\nodejs实战\blog\routes\index.js:250:7
[Sun May 06 2018 00:37:11 GMT+0800 (中国标准时间)]/u/admin/2018-5-5/9
SyntaxError: Unexpected token else in G:\github\develop-files\node_demo\nodejs实战\blog\views\article.ejs while compiling ejs

If the above error is not helpful, you may want to try EJS-Lint:
https://github.com/RyanZim/EJS-Lint
    at Object.compile (G:\github\develop-files\node_demo\nodejs实战\blog\node_modules\ejs\lib\ejs.js:592:12)
    at Object.compile (G:\github\develop-files\node_demo\nodejs实战\blog\node_modules\ejs\lib\ejs.js:388:16)
    at handleCache (G:\github\develop-files\node_demo\nodejs实战\blog\node_modules\ejs\lib\ejs.js:212:18)
    at tryHandleCache (G:\github\develop-files\node_demo\nodejs实战\blog\node_modules\ejs\lib\ejs.js:251:16)
    at View.exports.renderFile [as engine] (G:\github\develop-files\node_demo\nodejs实战\blog\node_modules\ejs\lib\ejs.js:480:10)
    at View.render (G:\github\develop-files\node_demo\nodejs实战\blog\node_modules\express\lib\view.js:127:8)
    at tryRender (G:\github\develop-files\node_demo\nodejs实战\blog\node_modules\express\lib\application.js:640:10)
    at EventEmitter.render (G:\github\develop-files\node_demo\nodejs实战\blog\node_modules\express\lib\application.js:592:3)
    at ServerResponse.render (G:\github\develop-files\node_demo\nodejs实战\blog\node_modules\express\lib\response.js:971:7)
    at G:\github\develop-files\node_demo\nodejs实战\blog\routes\index.js:250:7
[Sun May 06 2018 00:38:03 GMT+0800 (中国标准时间)]/u/admin/2018-5-5/9
SyntaxError: Unexpected token else in G:\github\develop-files\node_demo\nodejs实战\blog\views\article.ejs while compiling ejs

If the above error is not helpful, you may want to try EJS-Lint:
https://github.com/RyanZim/EJS-Lint
    at Object.compile (G:\github\develop-files\node_demo\nodejs实战\blog\node_modules\ejs\lib\ejs.js:592:12)
    at Object.compile (G:\github\develop-files\node_demo\nodejs实战\blog\node_modules\ejs\lib\ejs.js:388:16)
    at handleCache (G:\github\develop-files\node_demo\nodejs实战\blog\node_modules\ejs\lib\ejs.js:212:18)
    at tryHandleCache (G:\github\develop-files\node_demo\nodejs实战\blog\node_modules\ejs\lib\ejs.js:251:16)
    at View.exports.renderFile [as engine] (G:\github\develop-files\node_demo\nodejs实战\blog\node_modules\ejs\lib\ejs.js:480:10)
    at View.render (G:\github\develop-files\node_demo\nodejs实战\blog\node_modules\express\lib\view.js:127:8)
    at tryRender (G:\github\develop-files\node_demo\nodejs实战\blog\node_modules\express\lib\application.js:640:10)
    at EventEmitter.render (G:\github\develop-files\node_demo\nodejs实战\blog\node_modules\express\lib\application.js:592:3)
    at ServerResponse.render (G:\github\develop-files\node_demo\nodejs实战\blog\node_modules\express\lib\response.js:971:7)
    at G:\github\develop-files\node_demo\nodejs实战\blog\routes\index.js:250:7
[Sun May 06 2018 00:40:46 GMT+0800 (中国标准时间)]/u/admin/2018-5-5/9
SyntaxError: Unexpected token else in G:\github\develop-files\node_demo\nodejs实战\blog\views\article.ejs while compiling ejs

If the above error is not helpful, you may want to try EJS-Lint:
https://github.com/RyanZim/EJS-Lint
    at Object.compile (G:\github\develop-files\node_demo\nodejs实战\blog\node_modules\ejs\lib\ejs.js:592:12)
    at Object.compile (G:\github\develop-files\node_demo\nodejs实战\blog\node_modules\ejs\lib\ejs.js:388:16)
    at handleCache (G:\github\develop-files\node_demo\nodejs实战\blog\node_modules\ejs\lib\ejs.js:212:18)
    at tryHandleCache (G:\github\develop-files\node_demo\nodejs实战\blog\node_modules\ejs\lib\ejs.js:251:16)
    at View.exports.renderFile [as engine] (G:\github\develop-files\node_demo\nodejs实战\blog\node_modules\ejs\lib\ejs.js:480:10)
    at View.render (G:\github\develop-files\node_demo\nodejs实战\blog\node_modules\express\lib\view.js:127:8)
    at tryRender (G:\github\develop-files\node_demo\nodejs实战\blog\node_modules\express\lib\application.js:640:10)
    at EventEmitter.render (G:\github\develop-files\node_demo\nodejs实战\blog\node_modules\express\lib\application.js:592:3)
    at ServerResponse.render (G:\github\develop-files\node_demo\nodejs实战\blog\node_modules\express\lib\response.js:971:7)
    at G:\github\develop-files\node_demo\nodejs实战\blog\routes\index.js:250:7
[Sun May 06 2018 00:40:53 GMT+0800 (中国标准时间)]/u/admin/2018-5-5/9
SyntaxError: Unexpected token else in G:\github\develop-files\node_demo\nodejs实战\blog\views\article.ejs while compiling ejs

If the above error is not helpful, you may want to try EJS-Lint:
https://github.com/RyanZim/EJS-Lint
    at Object.compile (G:\github\develop-files\node_demo\nodejs实战\blog\node_modules\ejs\lib\ejs.js:592:12)
    at Object.compile (G:\github\develop-files\node_demo\nodejs实战\blog\node_modules\ejs\lib\ejs.js:388:16)
    at handleCache (G:\github\develop-files\node_demo\nodejs实战\blog\node_modules\ejs\lib\ejs.js:212:18)
    at tryHandleCache (G:\github\develop-files\node_demo\nodejs实战\blog\node_modules\ejs\lib\ejs.js:251:16)
    at View.exports.renderFile [as engine] (G:\github\develop-files\node_demo\nodejs实战\blog\node_modules\ejs\lib\ejs.js:480:10)
    at View.render (G:\github\develop-files\node_demo\nodejs实战\blog\node_modules\express\lib\view.js:127:8)
    at tryRender (G:\github\develop-files\node_demo\nodejs实战\blog\node_modules\express\lib\application.js:640:10)
    at EventEmitter.render (G:\github\develop-files\node_demo\nodejs实战\blog\node_modules\express\lib\application.js:592:3)
    at ServerResponse.render (G:\github\develop-files\node_demo\nodejs实战\blog\node_modules\express\lib\response.js:971:7)
    at G:\github\develop-files\node_demo\nodejs实战\blog\routes\index.js:250:7
[Sun May 06 2018 00:46:48 GMT+0800 (中国标准时间)]/u/admin/2018-5-5/9
SyntaxError: Unexpected token else in G:\github\develop-files\node_demo\nodejs实战\blog\views\article.ejs while compiling ejs

If the above error is not helpful, you may want to try EJS-Lint:
https://github.com/RyanZim/EJS-Lint
    at Object.compile (G:\github\develop-files\node_demo\nodejs实战\blog\node_modules\ejs\lib\ejs.js:592:12)
    at Object.compile (G:\github\develop-files\node_demo\nodejs实战\blog\node_modules\ejs\lib\ejs.js:388:16)
    at handleCache (G:\github\develop-files\node_demo\nodejs实战\blog\node_modules\ejs\lib\ejs.js:212:18)
    at tryHandleCache (G:\github\develop-files\node_demo\nodejs实战\blog\node_modules\ejs\lib\ejs.js:251:16)
    at View.exports.renderFile [as engine] (G:\github\develop-files\node_demo\nodejs实战\blog\node_modules\ejs\lib\ejs.js:480:10)
    at View.render (G:\github\develop-files\node_demo\nodejs实战\blog\node_modules\express\lib\view.js:127:8)
    at tryRender (G:\github\develop-files\node_demo\nodejs实战\blog\node_modules\express\lib\application.js:640:10)
    at EventEmitter.render (G:\github\develop-files\node_demo\nodejs实战\blog\node_modules\express\lib\application.js:592:3)
    at ServerResponse.render (G:\github\develop-files\node_demo\nodejs实战\blog\node_modules\express\lib\response.js:971:7)
    at G:\github\develop-files\node_demo\nodejs实战\blog\routes\index.js:250:7
[Sun May 06 2018 00:47:16 GMT+0800 (中国标准时间)]/u/admin/2018-5-5/9
SyntaxError: Unexpected token else in G:\github\develop-files\node_demo\nodejs实战\blog\views\article.ejs while compiling ejs

If the above error is not helpful, you may want to try EJS-Lint:
https://github.com/RyanZim/EJS-Lint
    at Object.compile (G:\github\develop-files\node_demo\nodejs实战\blog\node_modules\ejs\lib\ejs.js:592:12)
    at Object.compile (G:\github\develop-files\node_demo\nodejs实战\blog\node_modules\ejs\lib\ejs.js:388:16)
    at handleCache (G:\github\develop-files\node_demo\nodejs实战\blog\node_modules\ejs\lib\ejs.js:212:18)
    at tryHandleCache (G:\github\develop-files\node_demo\nodejs实战\blog\node_modules\ejs\lib\ejs.js:251:16)
    at View.exports.renderFile [as engine] (G:\github\develop-files\node_demo\nodejs实战\blog\node_modules\ejs\lib\ejs.js:480:10)
    at View.render (G:\github\develop-files\node_demo\nodejs实战\blog\node_modules\express\lib\view.js:127:8)
    at tryRender (G:\github\develop-files\node_demo\nodejs实战\blog\node_modules\express\lib\application.js:640:10)
    at EventEmitter.render (G:\github\develop-files\node_demo\nodejs实战\blog\node_modules\express\lib\application.js:592:3)
    at ServerResponse.render (G:\github\develop-files\node_demo\nodejs实战\blog\node_modules\express\lib\response.js:971:7)
    at G:\github\develop-files\node_demo\nodejs实战\blog\routes\index.js:250:7
[Sun May 06 2018 00:47:44 GMT+0800 (中国标准时间)]/u/admin/2018-5-5/9
SyntaxError: Unexpected token else in G:\github\develop-files\node_demo\nodejs实战\blog\views\article.ejs while compiling ejs

If the above error is not helpful, you may want to try EJS-Lint:
https://github.com/RyanZim/EJS-Lint
    at Object.compile (G:\github\develop-files\node_demo\nodejs实战\blog\node_modules\ejs\lib\ejs.js:592:12)
    at Object.compile (G:\github\develop-files\node_demo\nodejs实战\blog\node_modules\ejs\lib\ejs.js:388:16)
    at handleCache (G:\github\develop-files\node_demo\nodejs实战\blog\node_modules\ejs\lib\ejs.js:212:18)
    at tryHandleCache (G:\github\develop-files\node_demo\nodejs实战\blog\node_modules\ejs\lib\ejs.js:251:16)
    at View.exports.renderFile [as engine] (G:\github\develop-files\node_demo\nodejs实战\blog\node_modules\ejs\lib\ejs.js:480:10)
    at View.render (G:\github\develop-files\node_demo\nodejs实战\blog\node_modules\express\lib\view.js:127:8)
    at tryRender (G:\github\develop-files\node_demo\nodejs实战\blog\node_modules\express\lib\application.js:640:10)
    at EventEmitter.render (G:\github\develop-files\node_demo\nodejs实战\blog\node_modules\express\lib\application.js:592:3)
    at ServerResponse.render (G:\github\develop-files\node_demo\nodejs实战\blog\node_modules\express\lib\response.js:971:7)
    at G:\github\develop-files\node_demo\nodejs实战\blog\routes\index.js:250:7
[Sun May 06 2018 00:47:49 GMT+0800 (中国标准时间)]/u/admin/2018-5-5/9
SyntaxError: Unexpected token else in G:\github\develop-files\node_demo\nodejs实战\blog\views\article.ejs while compiling ejs

If the above error is not helpful, you may want to try EJS-Lint:
https://github.com/RyanZim/EJS-Lint
    at Object.compile (G:\github\develop-files\node_demo\nodejs实战\blog\node_modules\ejs\lib\ejs.js:592:12)
    at Object.compile (G:\github\develop-files\node_demo\nodejs实战\blog\node_modules\ejs\lib\ejs.js:388:16)
    at handleCache (G:\github\develop-files\node_demo\nodejs实战\blog\node_modules\ejs\lib\ejs.js:212:18)
    at tryHandleCache (G:\github\develop-files\node_demo\nodejs实战\blog\node_modules\ejs\lib\ejs.js:251:16)
    at View.exports.renderFile [as engine] (G:\github\develop-files\node_demo\nodejs实战\blog\node_modules\ejs\lib\ejs.js:480:10)
    at View.render (G:\github\develop-files\node_demo\nodejs实战\blog\node_modules\express\lib\view.js:127:8)
    at tryRender (G:\github\develop-files\node_demo\nodejs实战\blog\node_modules\express\lib\application.js:640:10)
    at EventEmitter.render (G:\github\develop-files\node_demo\nodejs实战\blog\node_modules\express\lib\application.js:592:3)
    at ServerResponse.render (G:\github\develop-files\node_demo\nodejs实战\blog\node_modules\express\lib\response.js:971:7)
    at G:\github\develop-files\node_demo\nodejs实战\blog\routes\index.js:250:7
[Sun May 06 2018 00:47:53 GMT+0800 (中国标准时间)]/u/admin/2018-5-5/9
SyntaxError: Unexpected token else in G:\github\develop-files\node_demo\nodejs实战\blog\views\article.ejs while compiling ejs

If the above error is not helpful, you may want to try EJS-Lint:
https://github.com/RyanZim/EJS-Lint
    at Object.compile (G:\github\develop-files\node_demo\nodejs实战\blog\node_modules\ejs\lib\ejs.js:592:12)
    at Object.compile (G:\github\develop-files\node_demo\nodejs实战\blog\node_modules\ejs\lib\ejs.js:388:16)
    at handleCache (G:\github\develop-files\node_demo\nodejs实战\blog\node_modules\ejs\lib\ejs.js:212:18)
    at tryHandleCache (G:\github\develop-files\node_demo\nodejs实战\blog\node_modules\ejs\lib\ejs.js:251:16)
    at View.exports.renderFile [as engine] (G:\github\develop-files\node_demo\nodejs实战\blog\node_modules\ejs\lib\ejs.js:480:10)
    at View.render (G:\github\develop-files\node_demo\nodejs实战\blog\node_modules\express\lib\view.js:127:8)
    at tryRender (G:\github\develop-files\node_demo\nodejs实战\blog\node_modules\express\lib\application.js:640:10)
    at EventEmitter.render (G:\github\develop-files\node_demo\nodejs实战\blog\node_modules\express\lib\application.js:592:3)
    at ServerResponse.render (G:\github\develop-files\node_demo\nodejs实战\blog\node_modules\express\lib\response.js:971:7)
    at G:\github\develop-files\node_demo\nodejs实战\blog\routes\index.js:250:7
[Sun May 06 2018 00:49:53 GMT+0800 (中国标准时间)]/u/admin/2018-5-5/9
SyntaxError: Unexpected token else in G:\github\develop-files\node_demo\nodejs实战\blog\views\article.ejs while compiling ejs

If the above error is not helpful, you may want to try EJS-Lint:
https://github.com/RyanZim/EJS-Lint
    at Object.compile (G:\github\develop-files\node_demo\nodejs实战\blog\node_modules\ejs\lib\ejs.js:592:12)
    at Object.compile (G:\github\develop-files\node_demo\nodejs实战\blog\node_modules\ejs\lib\ejs.js:388:16)
    at handleCache (G:\github\develop-files\node_demo\nodejs实战\blog\node_modules\ejs\lib\ejs.js:212:18)
    at tryHandleCache (G:\github\develop-files\node_demo\nodejs实战\blog\node_modules\ejs\lib\ejs.js:251:16)
    at View.exports.renderFile [as engine] (G:\github\develop-files\node_demo\nodejs实战\blog\node_modules\ejs\lib\ejs.js:480:10)
    at View.render (G:\github\develop-files\node_demo\nodejs实战\blog\node_modules\express\lib\view.js:127:8)
    at tryRender (G:\github\develop-files\node_demo\nodejs实战\blog\node_modules\express\lib\application.js:640:10)
    at EventEmitter.render (G:\github\develop-files\node_demo\nodejs实战\blog\node_modules\express\lib\application.js:592:3)
    at ServerResponse.render (G:\github\develop-files\node_demo\nodejs实战\blog\node_modules\express\lib\response.js:971:7)
    at G:\github\develop-files\node_demo\nodejs实战\blog\routes\index.js:250:7
[Sun May 06 2018 00:51:10 GMT+0800 (中国标准时间)]/u/admin/2018-5-5/9
SyntaxError: Unexpected token else in G:\github\develop-files\node_demo\nodejs实战\blog\views\article.ejs while compiling ejs

If the above error is not helpful, you may want to try EJS-Lint:
https://github.com/RyanZim/EJS-Lint
    at Object.compile (G:\github\develop-files\node_demo\nodejs实战\blog\node_modules\ejs\lib\ejs.js:592:12)
    at Object.compile (G:\github\develop-files\node_demo\nodejs实战\blog\node_modules\ejs\lib\ejs.js:388:16)
    at handleCache (G:\github\develop-files\node_demo\nodejs实战\blog\node_modules\ejs\lib\ejs.js:212:18)
    at tryHandleCache (G:\github\develop-files\node_demo\nodejs实战\blog\node_modules\ejs\lib\ejs.js:251:16)
    at View.exports.renderFile [as engine] (G:\github\develop-files\node_demo\nodejs实战\blog\node_modules\ejs\lib\ejs.js:480:10)
    at View.render (G:\github\develop-files\node_demo\nodejs实战\blog\node_modules\express\lib\view.js:127:8)
    at tryRender (G:\github\develop-files\node_demo\nodejs实战\blog\node_modules\express\lib\application.js:640:10)
    at EventEmitter.render (G:\github\develop-files\node_demo\nodejs实战\blog\node_modules\express\lib\application.js:592:3)
    at ServerResponse.render (G:\github\develop-files\node_demo\nodejs实战\blog\node_modules\express\lib\response.js:971:7)
    at G:\github\develop-files\node_demo\nodejs实战\blog\routes\index.js:250:7
[Sun May 06 2018 00:53:10 GMT+0800 (中国标准时间)]/u/admin/2018-5-5/9
SyntaxError: Unexpected token else in G:\github\develop-files\node_demo\nodejs实战\blog\views\article.ejs while compiling ejs

If the above error is not helpful, you may want to try EJS-Lint:
https://github.com/RyanZim/EJS-Lint
    at Object.compile (G:\github\develop-files\node_demo\nodejs实战\blog\node_modules\ejs\lib\ejs.js:592:12)
    at Object.compile (G:\github\develop-files\node_demo\nodejs实战\blog\node_modules\ejs\lib\ejs.js:388:16)
    at handleCache (G:\github\develop-files\node_demo\nodejs实战\blog\node_modules\ejs\lib\ejs.js:212:18)
    at tryHandleCache (G:\github\develop-files\node_demo\nodejs实战\blog\node_modules\ejs\lib\ejs.js:251:16)
    at View.exports.renderFile [as engine] (G:\github\develop-files\node_demo\nodejs实战\blog\node_modules\ejs\lib\ejs.js:480:10)
    at View.render (G:\github\develop-files\node_demo\nodejs实战\blog\node_modules\express\lib\view.js:127:8)
    at tryRender (G:\github\develop-files\node_demo\nodejs实战\blog\node_modules\express\lib\application.js:640:10)
    at EventEmitter.render (G:\github\develop-files\node_demo\nodejs实战\blog\node_modules\express\lib\application.js:592:3)
    at ServerResponse.render (G:\github\develop-files\node_demo\nodejs实战\blog\node_modules\express\lib\response.js:971:7)
    at G:\github\develop-files\node_demo\nodejs实战\blog\routes\index.js:250:7
[Sun May 06 2018 00:53:52 GMT+0800 (中国标准时间)]/u/admin/2018-5-5/9
SyntaxError: Unexpected token else in G:\github\develop-files\node_demo\nodejs实战\blog\views\article.ejs while compiling ejs

If the above error is not helpful, you may want to try EJS-Lint:
https://github.com/RyanZim/EJS-Lint
    at Object.compile (G:\github\develop-files\node_demo\nodejs实战\blog\node_modules\ejs\lib\ejs.js:592:12)
    at Object.compile (G:\github\develop-files\node_demo\nodejs实战\blog\node_modules\ejs\lib\ejs.js:388:16)
    at handleCache (G:\github\develop-files\node_demo\nodejs实战\blog\node_modules\ejs\lib\ejs.js:212:18)
    at tryHandleCache (G:\github\develop-files\node_demo\nodejs实战\blog\node_modules\ejs\lib\ejs.js:251:16)
    at View.exports.renderFile [as engine] (G:\github\develop-files\node_demo\nodejs实战\blog\node_modules\ejs\lib\ejs.js:480:10)
    at View.render (G:\github\develop-files\node_demo\nodejs实战\blog\node_modules\express\lib\view.js:127:8)
    at tryRender (G:\github\develop-files\node_demo\nodejs实战\blog\node_modules\express\lib\application.js:640:10)
    at EventEmitter.render (G:\github\develop-files\node_demo\nodejs实战\blog\node_modules\express\lib\application.js:592:3)
    at ServerResponse.render (G:\github\develop-files\node_demo\nodejs实战\blog\node_modules\express\lib\response.js:971:7)
    at G:\github\develop-files\node_demo\nodejs实战\blog\routes\index.js:250:7
[Sun May 06 2018 00:55:52 GMT+0800 (中国标准时间)]/u/admin/2018-5-5/9
SyntaxError: Unexpected token else in G:\github\develop-files\node_demo\nodejs实战\blog\views\article.ejs while compiling ejs

If the above error is not helpful, you may want to try EJS-Lint:
https://github.com/RyanZim/EJS-Lint
    at Object.compile (G:\github\develop-files\node_demo\nodejs实战\blog\node_modules\ejs\lib\ejs.js:592:12)
    at Object.compile (G:\github\develop-files\node_demo\nodejs实战\blog\node_modules\ejs\lib\ejs.js:388:16)
    at handleCache (G:\github\develop-files\node_demo\nodejs实战\blog\node_modules\ejs\lib\ejs.js:212:18)
    at tryHandleCache (G:\github\develop-files\node_demo\nodejs实战\blog\node_modules\ejs\lib\ejs.js:251:16)
    at View.exports.renderFile [as engine] (G:\github\develop-files\node_demo\nodejs实战\blog\node_modules\ejs\lib\ejs.js:480:10)
    at View.render (G:\github\develop-files\node_demo\nodejs实战\blog\node_modules\express\lib\view.js:127:8)
    at tryRender (G:\github\develop-files\node_demo\nodejs实战\blog\node_modules\express\lib\application.js:640:10)
    at EventEmitter.render (G:\github\develop-files\node_demo\nodejs实战\blog\node_modules\express\lib\application.js:592:3)
    at ServerResponse.render (G:\github\develop-files\node_demo\nodejs实战\blog\node_modules\express\lib\response.js:971:7)
    at G:\github\develop-files\node_demo\nodejs实战\blog\routes\index.js:250:7
[Sun May 06 2018 00:57:57 GMT+0800 (中国标准时间)]/u/admin/2018-5-5/9
SyntaxError: Unexpected token else in G:\github\develop-files\node_demo\nodejs实战\blog\views\article.ejs while compiling ejs

If the above error is not helpful, you may want to try EJS-Lint:
https://github.com/RyanZim/EJS-Lint
    at Object.compile (G:\github\develop-files\node_demo\nodejs实战\blog\node_modules\ejs\lib\ejs.js:592:12)
    at Object.compile (G:\github\develop-files\node_demo\nodejs实战\blog\node_modules\ejs\lib\ejs.js:388:16)
    at handleCache (G:\github\develop-files\node_demo\nodejs实战\blog\node_modules\ejs\lib\ejs.js:212:18)
    at tryHandleCache (G:\github\develop-files\node_demo\nodejs实战\blog\node_modules\ejs\lib\ejs.js:251:16)
    at View.exports.renderFile [as engine] (G:\github\develop-files\node_demo\nodejs实战\blog\node_modules\ejs\lib\ejs.js:480:10)
    at View.render (G:\github\develop-files\node_demo\nodejs实战\blog\node_modules\express\lib\view.js:127:8)
    at tryRender (G:\github\develop-files\node_demo\nodejs实战\blog\node_modules\express\lib\application.js:640:10)
    at EventEmitter.render (G:\github\develop-files\node_demo\nodejs实战\blog\node_modules\express\lib\application.js:592:3)
    at ServerResponse.render (G:\github\develop-files\node_demo\nodejs实战\blog\node_modules\express\lib\response.js:971:7)
    at G:\github\develop-files\node_demo\nodejs实战\blog\routes\index.js:250:7
[Sun May 06 2018 01:00:27 GMT+0800 (中国标准时间)]/u/admin/2018-5-5/9
SyntaxError: Unexpected token else in G:\github\develop-files\node_demo\nodejs实战\blog\views\article.ejs while compiling ejs

If the above error is not helpful, you may want to try EJS-Lint:
https://github.com/RyanZim/EJS-Lint
    at Object.compile (G:\github\develop-files\node_demo\nodejs实战\blog\node_modules\ejs\lib\ejs.js:592:12)
    at Object.compile (G:\github\develop-files\node_demo\nodejs实战\blog\node_modules\ejs\lib\ejs.js:388:16)
    at handleCache (G:\github\develop-files\node_demo\nodejs实战\blog\node_modules\ejs\lib\ejs.js:212:18)
    at tryHandleCache (G:\github\develop-files\node_demo\nodejs实战\blog\node_modules\ejs\lib\ejs.js:251:16)
    at View.exports.renderFile [as engine] (G:\github\develop-files\node_demo\nodejs实战\blog\node_modules\ejs\lib\ejs.js:480:10)
    at View.render (G:\github\develop-files\node_demo\nodejs实战\blog\node_modules\express\lib\view.js:127:8)
    at tryRender (G:\github\develop-files\node_demo\nodejs实战\blog\node_modules\express\lib\application.js:640:10)
    at EventEmitter.render (G:\github\develop-files\node_demo\nodejs实战\blog\node_modules\express\lib\application.js:592:3)
    at ServerResponse.render (G:\github\develop-files\node_demo\nodejs实战\blog\node_modules\express\lib\response.js:971:7)
    at G:\github\develop-files\node_demo\nodejs实战\blog\routes\index.js:250:7
[Sun May 06 2018 01:03:27 GMT+0800 (中国标准时间)]/u/admin/2018-5-5/9
SyntaxError: Unexpected token else in G:\github\develop-files\node_demo\nodejs实战\blog\views\article.ejs while compiling ejs

If the above error is not helpful, you may want to try EJS-Lint:
https://github.com/RyanZim/EJS-Lint
    at Object.compile (G:\github\develop-files\node_demo\nodejs实战\blog\node_modules\ejs\lib\ejs.js:592:12)
    at Object.compile (G:\github\develop-files\node_demo\nodejs实战\blog\node_modules\ejs\lib\ejs.js:388:16)
    at handleCache (G:\github\develop-files\node_demo\nodejs实战\blog\node_modules\ejs\lib\ejs.js:212:18)
    at tryHandleCache (G:\github\develop-files\node_demo\nodejs实战\blog\node_modules\ejs\lib\ejs.js:251:16)
    at View.exports.renderFile [as engine] (G:\github\develop-files\node_demo\nodejs实战\blog\node_modules\ejs\lib\ejs.js:480:10)
    at View.render (G:\github\develop-files\node_demo\nodejs实战\blog\node_modules\express\lib\view.js:127:8)
    at tryRender (G:\github\develop-files\node_demo\nodejs实战\blog\node_modules\express\lib\application.js:640:10)
    at EventEmitter.render (G:\github\develop-files\node_demo\nodejs实战\blog\node_modules\express\lib\application.js:592:3)
    at ServerResponse.render (G:\github\develop-files\node_demo\nodejs实战\blog\node_modules\express\lib\response.js:971:7)
    at G:\github\develop-files\node_demo\nodejs实战\blog\routes\index.js:250:7
[Sun May 06 2018 01:10:27 GMT+0800 (中国标准时间)]/u/admin/2018-5-5/9
SyntaxError: Unexpected token else in G:\github\develop-files\node_demo\nodejs实战\blog\views\article.ejs while compiling ejs

If the above error is not helpful, you may want to try EJS-Lint:
https://github.com/RyanZim/EJS-Lint
    at Object.compile (G:\github\develop-files\node_demo\nodejs实战\blog\node_modules\ejs\lib\ejs.js:592:12)
    at Object.compile (G:\github\develop-files\node_demo\nodejs实战\blog\node_modules\ejs\lib\ejs.js:388:16)
    at handleCache (G:\github\develop-files\node_demo\nodejs实战\blog\node_modules\ejs\lib\ejs.js:212:18)
    at tryHandleCache (G:\github\develop-files\node_demo\nodejs实战\blog\node_modules\ejs\lib\ejs.js:251:16)
    at View.exports.renderFile [as engine] (G:\github\develop-files\node_demo\nodejs实战\blog\node_modules\ejs\lib\ejs.js:480:10)
    at View.render (G:\github\develop-files\node_demo\nodejs实战\blog\node_modules\express\lib\view.js:127:8)
    at tryRender (G:\github\develop-files\node_demo\nodejs实战\blog\node_modules\express\lib\application.js:640:10)
    at EventEmitter.render (G:\github\develop-files\node_demo\nodejs实战\blog\node_modules\express\lib\application.js:592:3)
    at ServerResponse.render (G:\github\develop-files\node_demo\nodejs实战\blog\node_modules\express\lib\response.js:971:7)
    at G:\github\develop-files\node_demo\nodejs实战\blog\routes\index.js:250:7
[Sun May 06 2018 01:18:54 GMT+0800 (中国标准时间)]/u/admin/2018-5-5/9
SyntaxError: Unexpected token else in G:\github\develop-files\node_demo\nodejs实战\blog\views\article.ejs while compiling ejs

If the above error is not helpful, you may want to try EJS-Lint:
https://github.com/RyanZim/EJS-Lint
    at Object.compile (G:\github\develop-files\node_demo\nodejs实战\blog\node_modules\ejs\lib\ejs.js:592:12)
    at Object.compile (G:\github\develop-files\node_demo\nodejs实战\blog\node_modules\ejs\lib\ejs.js:388:16)
    at handleCache (G:\github\develop-files\node_demo\nodejs实战\blog\node_modules\ejs\lib\ejs.js:212:18)
    at tryHandleCache (G:\github\develop-files\node_demo\nodejs实战\blog\node_modules\ejs\lib\ejs.js:251:16)
    at View.exports.renderFile [as engine] (G:\github\develop-files\node_demo\nodejs实战\blog\node_modules\ejs\lib\ejs.js:480:10)
    at View.render (G:\github\develop-files\node_demo\nodejs实战\blog\node_modules\express\lib\view.js:127:8)
    at tryRender (G:\github\develop-files\node_demo\nodejs实战\blog\node_modules\express\lib\application.js:640:10)
    at EventEmitter.render (G:\github\develop-files\node_demo\nodejs实战\blog\node_modules\express\lib\application.js:592:3)
    at ServerResponse.render (G:\github\develop-files\node_demo\nodejs实战\blog\node_modules\express\lib\response.js:971:7)
    at G:\github\develop-files\node_demo\nodejs实战\blog\routes\index.js:250:7
[Sun May 06 2018 01:22:19 GMT+0800 (中国标准时间)]/u/admin/2018-5-5/9
SyntaxError: Unexpected token else in G:\github\develop-files\node_demo\nodejs实战\blog\views\article.ejs while compiling ejs

If the above error is not helpful, you may want to try EJS-Lint:
https://github.com/RyanZim/EJS-Lint
    at Object.compile (G:\github\develop-files\node_demo\nodejs实战\blog\node_modules\ejs\lib\ejs.js:592:12)
    at Object.compile (G:\github\develop-files\node_demo\nodejs实战\blog\node_modules\ejs\lib\ejs.js:388:16)
    at handleCache (G:\github\develop-files\node_demo\nodejs实战\blog\node_modules\ejs\lib\ejs.js:212:18)
    at tryHandleCache (G:\github\develop-files\node_demo\nodejs实战\blog\node_modules\ejs\lib\ejs.js:251:16)
    at View.exports.renderFile [as engine] (G:\github\develop-files\node_demo\nodejs实战\blog\node_modules\ejs\lib\ejs.js:480:10)
    at View.render (G:\github\develop-files\node_demo\nodejs实战\blog\node_modules\express\lib\view.js:127:8)
    at tryRender (G:\github\develop-files\node_demo\nodejs实战\blog\node_modules\express\lib\application.js:640:10)
    at EventEmitter.render (G:\github\develop-files\node_demo\nodejs实战\blog\node_modules\express\lib\application.js:592:3)
    at ServerResponse.render (G:\github\develop-files\node_demo\nodejs实战\blog\node_modules\express\lib\response.js:971:7)
    at G:\github\develop-files\node_demo\nodejs实战\blog\routes\index.js:250:7
[Sun May 06 2018 01:24:19 GMT+0800 (中国标准时间)]/u/admin/2018-5-5/9
SyntaxError: Unexpected token else in G:\github\develop-files\node_demo\nodejs实战\blog\views\article.ejs while compiling ejs

If the above error is not helpful, you may want to try EJS-Lint:
https://github.com/RyanZim/EJS-Lint
    at Object.compile (G:\github\develop-files\node_demo\nodejs实战\blog\node_modules\ejs\lib\ejs.js:592:12)
    at Object.compile (G:\github\develop-files\node_demo\nodejs实战\blog\node_modules\ejs\lib\ejs.js:388:16)
    at handleCache (G:\github\develop-files\node_demo\nodejs实战\blog\node_modules\ejs\lib\ejs.js:212:18)
    at tryHandleCache (G:\github\develop-files\node_demo\nodejs实战\blog\node_modules\ejs\lib\ejs.js:251:16)
    at View.exports.renderFile [as engine] (G:\github\develop-files\node_demo\nodejs实战\blog\node_modules\ejs\lib\ejs.js:480:10)
    at View.render (G:\github\develop-files\node_demo\nodejs实战\blog\node_modules\express\lib\view.js:127:8)
    at tryRender (G:\github\develop-files\node_demo\nodejs实战\blog\node_modules\express\lib\application.js:640:10)
    at EventEmitter.render (G:\github\develop-files\node_demo\nodejs实战\blog\node_modules\express\lib\application.js:592:3)
    at ServerResponse.render (G:\github\develop-files\node_demo\nodejs实战\blog\node_modules\express\lib\response.js:971:7)
    at G:\github\develop-files\node_demo\nodejs实战\blog\routes\index.js:250:7
[Sun May 06 2018 01:25:12 GMT+0800 (中国标准时间)]/u/admin/2018-5-5/9
SyntaxError: Unexpected token else in G:\github\develop-files\node_demo\nodejs实战\blog\views\article.ejs while compiling ejs

If the above error is not helpful, you may want to try EJS-Lint:
https://github.com/RyanZim/EJS-Lint
    at Object.compile (G:\github\develop-files\node_demo\nodejs实战\blog\node_modules\ejs\lib\ejs.js:592:12)
    at Object.compile (G:\github\develop-files\node_demo\nodejs实战\blog\node_modules\ejs\lib\ejs.js:388:16)
    at handleCache (G:\github\develop-files\node_demo\nodejs实战\blog\node_modules\ejs\lib\ejs.js:212:18)
    at tryHandleCache (G:\github\develop-files\node_demo\nodejs实战\blog\node_modules\ejs\lib\ejs.js:251:16)
    at View.exports.renderFile [as engine] (G:\github\develop-files\node_demo\nodejs实战\blog\node_modules\ejs\lib\ejs.js:480:10)
    at View.render (G:\github\develop-files\node_demo\nodejs实战\blog\node_modules\express\lib\view.js:127:8)
    at tryRender (G:\github\develop-files\node_demo\nodejs实战\blog\node_modules\express\lib\application.js:640:10)
    at EventEmitter.render (G:\github\develop-files\node_demo\nodejs实战\blog\node_modules\express\lib\application.js:592:3)
    at ServerResponse.render (G:\github\develop-files\node_demo\nodejs实战\blog\node_modules\express\lib\response.js:971:7)
    at G:\github\develop-files\node_demo\nodejs实战\blog\routes\index.js:250:7
[Sun May 06 2018 01:25:21 GMT+0800 (中国标准时间)]/u/admin/2018-5-5/9
SyntaxError: Unexpected token else in G:\github\develop-files\node_demo\nodejs实战\blog\views\article.ejs while compiling ejs

If the above error is not helpful, you may want to try EJS-Lint:
https://github.com/RyanZim/EJS-Lint
    at Object.compile (G:\github\develop-files\node_demo\nodejs实战\blog\node_modules\ejs\lib\ejs.js:592:12)
    at Object.compile (G:\github\develop-files\node_demo\nodejs实战\blog\node_modules\ejs\lib\ejs.js:388:16)
    at handleCache (G:\github\develop-files\node_demo\nodejs实战\blog\node_modules\ejs\lib\ejs.js:212:18)
    at tryHandleCache (G:\github\develop-files\node_demo\nodejs实战\blog\node_modules\ejs\lib\ejs.js:251:16)
    at View.exports.renderFile [as engine] (G:\github\develop-files\node_demo\nodejs实战\blog\node_modules\ejs\lib\ejs.js:480:10)
    at View.render (G:\github\develop-files\node_demo\nodejs实战\blog\node_modules\express\lib\view.js:127:8)
    at tryRender (G:\github\develop-files\node_demo\nodejs实战\blog\node_modules\express\lib\application.js:640:10)
    at EventEmitter.render (G:\github\develop-files\node_demo\nodejs实战\blog\node_modules\express\lib\application.js:592:3)
    at ServerResponse.render (G:\github\develop-files\node_demo\nodejs实战\blog\node_modules\express\lib\response.js:971:7)
    at G:\github\develop-files\node_demo\nodejs实战\blog\routes\index.js:250:7
[Sun May 06 2018 01:27:21 GMT+0800 (中国标准时间)]/u/admin/2018-5-5/9
SyntaxError: Unexpected token else in G:\github\develop-files\node_demo\nodejs实战\blog\views\article.ejs while compiling ejs

If the above error is not helpful, you may want to try EJS-Lint:
https://github.com/RyanZim/EJS-Lint
    at Object.compile (G:\github\develop-files\node_demo\nodejs实战\blog\node_modules\ejs\lib\ejs.js:592:12)
    at Object.compile (G:\github\develop-files\node_demo\nodejs实战\blog\node_modules\ejs\lib\ejs.js:388:16)
    at handleCache (G:\github\develop-files\node_demo\nodejs实战\blog\node_modules\ejs\lib\ejs.js:212:18)
    at tryHandleCache (G:\github\develop-files\node_demo\nodejs实战\blog\node_modules\ejs\lib\ejs.js:251:16)
    at View.exports.renderFile [as engine] (G:\github\develop-files\node_demo\nodejs实战\blog\node_modules\ejs\lib\ejs.js:480:10)
    at View.render (G:\github\develop-files\node_demo\nodejs实战\blog\node_modules\express\lib\view.js:127:8)
    at tryRender (G:\github\develop-files\node_demo\nodejs实战\blog\node_modules\express\lib\application.js:640:10)
    at EventEmitter.render (G:\github\develop-files\node_demo\nodejs实战\blog\node_modules\express\lib\application.js:592:3)
    at ServerResponse.render (G:\github\develop-files\node_demo\nodejs实战\blog\node_modules\express\lib\response.js:971:7)
    at G:\github\develop-files\node_demo\nodejs实战\blog\routes\index.js:250:7
[Sun May 06 2018 01:29:26 GMT+0800 (中国标准时间)]/u/admin/2018-5-5/9
SyntaxError: Unexpected token else in G:\github\develop-files\node_demo\nodejs实战\blog\views\article.ejs while compiling ejs

If the above error is not helpful, you may want to try EJS-Lint:
https://github.com/RyanZim/EJS-Lint
    at Object.compile (G:\github\develop-files\node_demo\nodejs实战\blog\node_modules\ejs\lib\ejs.js:592:12)
    at Object.compile (G:\github\develop-files\node_demo\nodejs实战\blog\node_modules\ejs\lib\ejs.js:388:16)
    at handleCache (G:\github\develop-files\node_demo\nodejs实战\blog\node_modules\ejs\lib\ejs.js:212:18)
    at tryHandleCache (G:\github\develop-files\node_demo\nodejs实战\blog\node_modules\ejs\lib\ejs.js:251:16)
    at View.exports.renderFile [as engine] (G:\github\develop-files\node_demo\nodejs实战\blog\node_modules\ejs\lib\ejs.js:480:10)
    at View.render (G:\github\develop-files\node_demo\nodejs实战\blog\node_modules\express\lib\view.js:127:8)
    at tryRender (G:\github\develop-files\node_demo\nodejs实战\blog\node_modules\express\lib\application.js:640:10)
    at EventEmitter.render (G:\github\develop-files\node_demo\nodejs实战\blog\node_modules\express\lib\application.js:592:3)
    at ServerResponse.render (G:\github\develop-files\node_demo\nodejs实战\blog\node_modules\express\lib\response.js:971:7)
    at G:\github\develop-files\node_demo\nodejs实战\blog\routes\index.js:250:7
[Sun May 06 2018 01:31:56 GMT+0800 (中国标准时间)]/u/admin/2018-5-5/9
SyntaxError: Unexpected token else in G:\github\develop-files\node_demo\nodejs实战\blog\views\article.ejs while compiling ejs

If the above error is not helpful, you may want to try EJS-Lint:
https://github.com/RyanZim/EJS-Lint
    at Object.compile (G:\github\develop-files\node_demo\nodejs实战\blog\node_modules\ejs\lib\ejs.js:592:12)
    at Object.compile (G:\github\develop-files\node_demo\nodejs实战\blog\node_modules\ejs\lib\ejs.js:388:16)
    at handleCache (G:\github\develop-files\node_demo\nodejs实战\blog\node_modules\ejs\lib\ejs.js:212:18)
    at tryHandleCache (G:\github\develop-files\node_demo\nodejs实战\blog\node_modules\ejs\lib\ejs.js:251:16)
    at View.exports.renderFile [as engine] (G:\github\develop-files\node_demo\nodejs实战\blog\node_modules\ejs\lib\ejs.js:480:10)
    at View.render (G:\github\develop-files\node_demo\nodejs实战\blog\node_modules\express\lib\view.js:127:8)
    at tryRender (G:\github\develop-files\node_demo\nodejs实战\blog\node_modules\express\lib\application.js:640:10)
    at EventEmitter.render (G:\github\develop-files\node_demo\nodejs实战\blog\node_modules\express\lib\application.js:592:3)
    at ServerResponse.render (G:\github\develop-files\node_demo\nodejs实战\blog\node_modules\express\lib\response.js:971:7)
    at G:\github\develop-files\node_demo\nodejs实战\blog\routes\index.js:250:7
[Sun May 06 2018 01:34:56 GMT+0800 (中国标准时间)]/u/admin/2018-5-5/9
SyntaxError: Unexpected token else in G:\github\develop-files\node_demo\nodejs实战\blog\views\article.ejs while compiling ejs

If the above error is not helpful, you may want to try EJS-Lint:
https://github.com/RyanZim/EJS-Lint
    at Object.compile (G:\github\develop-files\node_demo\nodejs实战\blog\node_modules\ejs\lib\ejs.js:592:12)
    at Object.compile (G:\github\develop-files\node_demo\nodejs实战\blog\node_modules\ejs\lib\ejs.js:388:16)
    at handleCache (G:\github\develop-files\node_demo\nodejs实战\blog\node_modules\ejs\lib\ejs.js:212:18)
    at tryHandleCache (G:\github\develop-files\node_demo\nodejs实战\blog\node_modules\ejs\lib\ejs.js:251:16)
    at View.exports.renderFile [as engine] (G:\github\develop-files\node_demo\nodejs实战\blog\node_modules\ejs\lib\ejs.js:480:10)
    at View.render (G:\github\develop-files\node_demo\nodejs实战\blog\node_modules\express\lib\view.js:127:8)
    at tryRender (G:\github\develop-files\node_demo\nodejs实战\blog\node_modules\express\lib\application.js:640:10)
    at EventEmitter.render (G:\github\develop-files\node_demo\nodejs实战\blog\node_modules\express\lib\application.js:592:3)
    at ServerResponse.render (G:\github\develop-files\node_demo\nodejs实战\blog\node_modules\express\lib\response.js:971:7)
    at G:\github\develop-files\node_demo\nodejs实战\blog\routes\index.js:250:7
[Sun May 06 2018 01:40:11 GMT+0800 (中国标准时间)]/u/admin3/2018-5-6/[%E8%BD%AC%E8%BD%BD]9
SyntaxError: Unexpected token else in G:\github\develop-files\node_demo\nodejs实战\blog\views\article.ejs while compiling ejs

If the above error is not helpful, you may want to try EJS-Lint:
https://github.com/RyanZim/EJS-Lint
    at Object.compile (G:\github\develop-files\node_demo\nodejs实战\blog\node_modules\ejs\lib\ejs.js:592:12)
    at Object.compile (G:\github\develop-files\node_demo\nodejs实战\blog\node_modules\ejs\lib\ejs.js:388:16)
    at handleCache (G:\github\develop-files\node_demo\nodejs实战\blog\node_modules\ejs\lib\ejs.js:212:18)
    at tryHandleCache (G:\github\develop-files\node_demo\nodejs实战\blog\node_modules\ejs\lib\ejs.js:251:16)
    at View.exports.renderFile [as engine] (G:\github\develop-files\node_demo\nodejs实战\blog\node_modules\ejs\lib\ejs.js:480:10)
    at View.render (G:\github\develop-files\node_demo\nodejs实战\blog\node_modules\express\lib\view.js:127:8)
    at tryRender (G:\github\develop-files\node_demo\nodejs实战\blog\node_modules\express\lib\application.js:640:10)
    at EventEmitter.render (G:\github\develop-files\node_demo\nodejs实战\blog\node_modules\express\lib\application.js:592:3)
    at ServerResponse.render (G:\github\develop-files\node_demo\nodejs实战\blog\node_modules\express\lib\response.js:971:7)
    at G:\github\develop-files\node_demo\nodejs实战\blog\routes\index.js:250:7
[Sun May 06 2018 01:40:20 GMT+0800 (中国标准时间)]/u/admin/2018-5-5/9
SyntaxError: Unexpected token else in G:\github\develop-files\node_demo\nodejs实战\blog\views\article.ejs while compiling ejs

If the above error is not helpful, you may want to try EJS-Lint:
https://github.com/RyanZim/EJS-Lint
    at Object.compile (G:\github\develop-files\node_demo\nodejs实战\blog\node_modules\ejs\lib\ejs.js:592:12)
    at Object.compile (G:\github\develop-files\node_demo\nodejs实战\blog\node_modules\ejs\lib\ejs.js:388:16)
    at handleCache (G:\github\develop-files\node_demo\nodejs实战\blog\node_modules\ejs\lib\ejs.js:212:18)
    at tryHandleCache (G:\github\develop-files\node_demo\nodejs实战\blog\node_modules\ejs\lib\ejs.js:251:16)
    at View.exports.renderFile [as engine] (G:\github\develop-files\node_demo\nodejs实战\blog\node_modules\ejs\lib\ejs.js:480:10)
    at View.render (G:\github\develop-files\node_demo\nodejs实战\blog\node_modules\express\lib\view.js:127:8)
    at tryRender (G:\github\develop-files\node_demo\nodejs实战\blog\node_modules\express\lib\application.js:640:10)
    at EventEmitter.render (G:\github\develop-files\node_demo\nodejs实战\blog\node_modules\express\lib\application.js:592:3)
    at ServerResponse.render (G:\github\develop-files\node_demo\nodejs实战\blog\node_modules\express\lib\response.js:971:7)
    at G:\github\develop-files\node_demo\nodejs实战\blog\routes\index.js:250:7
[Sun May 06 2018 01:41:54 GMT+0800 (中国标准时间)]/u/admin/2018-5-5/9
TypeError: G:\github\develop-files\node_demo\nodejs实战\blog\views\article.ejs:16
    14| <% var flag = 1 %>
    15| <% if(user && (user.name != post.name)){ %>
 >> 16| 	<% if((post.reprint_info.reprint_to != undefined) && (user.name == post.reprint_info.reprint_from.name)){ %>
    17| 		<% flag = 0 %>
    18| 	<% } %>
    19| 	<% if(post.reprint_info.reprint_to != undefined){ %>

Cannot read property 'name' of undefined
    at eval (eval at compile (G:\github\develop-files\node_demo\nodejs实战\blog\node_modules\ejs\lib\ejs.js:592:12), <anonymous>:76:102)
    at returnedFn (G:\github\develop-files\node_demo\nodejs实战\blog\node_modules\ejs\lib\ejs.js:623:17)
    at tryHandleCache (G:\github\develop-files\node_demo\nodejs实战\blog\node_modules\ejs\lib\ejs.js:251:36)
    at View.exports.renderFile [as engine] (G:\github\develop-files\node_demo\nodejs实战\blog\node_modules\ejs\lib\ejs.js:480:10)
    at View.render (G:\github\develop-files\node_demo\nodejs实战\blog\node_modules\express\lib\view.js:127:8)
    at tryRender (G:\github\develop-files\node_demo\nodejs实战\blog\node_modules\express\lib\application.js:640:10)
    at EventEmitter.render (G:\github\develop-files\node_demo\nodejs实战\blog\node_modules\express\lib\application.js:592:3)
    at ServerResponse.render (G:\github\develop-files\node_demo\nodejs实战\blog\node_modules\express\lib\response.js:971:7)
    at G:\github\develop-files\node_demo\nodejs实战\blog\routes\index.js:250:7
    at G:\github\develop-files\node_demo\nodejs实战\blog\models\post.js:127:5
[Sun May 06 2018 01:43:25 GMT+0800 (中国标准时间)]/u/admin/2018-5-5/9
TypeError: G:\github\develop-files\node_demo\nodejs实战\blog\views\article.ejs:16
    14| <% var flag = 1 %>
    15| <% if(user && (user.name != post.name)){ %>
 >> 16| 	<% if((post.reprint_info.reprint_to != undefined) && (user.name == post.reprint_info.reprint_from.name)){ %>
    17| 		<% flag = 0 %>
    18| 	<% } %>
    19| 	<% if(post.reprint_info.reprint_to != undefined){ %>

Cannot read property 'name' of undefined
    at eval (eval at compile (G:\github\develop-files\node_demo\nodejs实战\blog\node_modules\ejs\lib\ejs.js:592:12), <anonymous>:76:102)
    at returnedFn (G:\github\develop-files\node_demo\nodejs实战\blog\node_modules\ejs\lib\ejs.js:623:17)
    at tryHandleCache (G:\github\develop-files\node_demo\nodejs实战\blog\node_modules\ejs\lib\ejs.js:251:36)
    at View.exports.renderFile [as engine] (G:\github\develop-files\node_demo\nodejs实战\blog\node_modules\ejs\lib\ejs.js:480:10)
    at View.render (G:\github\develop-files\node_demo\nodejs实战\blog\node_modules\express\lib\view.js:127:8)
    at tryRender (G:\github\develop-files\node_demo\nodejs实战\blog\node_modules\express\lib\application.js:640:10)
    at EventEmitter.render (G:\github\develop-files\node_demo\nodejs实战\blog\node_modules\express\lib\application.js:592:3)
    at ServerResponse.render (G:\github\develop-files\node_demo\nodejs实战\blog\node_modules\express\lib\response.js:971:7)
    at G:\github\develop-files\node_demo\nodejs实战\blog\routes\index.js:250:7
    at G:\github\develop-files\node_demo\nodejs实战\blog\models\post.js:127:5
[Sun May 06 2018 01:44:13 GMT+0800 (中国标准时间)]/u/admin/2018-5-5/9
TypeError: G:\github\develop-files\node_demo\nodejs实战\blog\views\article.ejs:16
    14| <% var flag = 1 %>
    15| <% if(user && (user.name != post.name)){ %>
 >> 16| 	<% if((post.reprint_info.reprint_to != "undefined") && (user.name == post.reprint_info.reprint_from.name)){ %>
    17| 		<% flag = 0 %>
    18| 	<% } %>
    19| 	<% if(post.reprint_info.reprint_to != "undefined"){ %>

Cannot read property 'name' of undefined
    at eval (eval at compile (G:\github\develop-files\node_demo\nodejs实战\blog\node_modules\ejs\lib\ejs.js:592:12), <anonymous>:76:104)
    at returnedFn (G:\github\develop-files\node_demo\nodejs实战\blog\node_modules\ejs\lib\ejs.js:623:17)
    at tryHandleCache (G:\github\develop-files\node_demo\nodejs实战\blog\node_modules\ejs\lib\ejs.js:251:36)
    at View.exports.renderFile [as engine] (G:\github\develop-files\node_demo\nodejs实战\blog\node_modules\ejs\lib\ejs.js:480:10)
    at View.render (G:\github\develop-files\node_demo\nodejs实战\blog\node_modules\express\lib\view.js:127:8)
    at tryRender (G:\github\develop-files\node_demo\nodejs实战\blog\node_modules\express\lib\application.js:640:10)
    at EventEmitter.render (G:\github\develop-files\node_demo\nodejs实战\blog\node_modules\express\lib\application.js:592:3)
    at ServerResponse.render (G:\github\develop-files\node_demo\nodejs实战\blog\node_modules\express\lib\response.js:971:7)
    at G:\github\develop-files\node_demo\nodejs实战\blog\routes\index.js:250:7
    at G:\github\develop-files\node_demo\nodejs实战\blog\models\post.js:127:5
[Sun May 06 2018 01:44:49 GMT+0800 (中国标准时间)]/u/admin/2018-5-5/9
TypeError: G:\github\develop-files\node_demo\nodejs实战\blog\views\article.ejs:16
    14| <% var flag = 1 %>
    15| <% if(user && (user.name != post.name)){ %>
 >> 16| 	<% if((post.reprint_info.reprint_to != "undefined") && (user.name == post.reprint_info.reprint_from.name)){ %>
    17| 		<% flag = 0 %>
    18| 	<% } %>
    19| 	<% if(post.reprint_info.reprint_to != "undefined"){ %>

Cannot read property 'name' of undefined
    at eval (eval at compile (G:\github\develop-files\node_demo\nodejs实战\blog\node_modules\ejs\lib\ejs.js:592:12), <anonymous>:76:104)
    at returnedFn (G:\github\develop-files\node_demo\nodejs实战\blog\node_modules\ejs\lib\ejs.js:623:17)
    at tryHandleCache (G:\github\develop-files\node_demo\nodejs实战\blog\node_modules\ejs\lib\ejs.js:251:36)
    at View.exports.renderFile [as engine] (G:\github\develop-files\node_demo\nodejs实战\blog\node_modules\ejs\lib\ejs.js:480:10)
    at View.render (G:\github\develop-files\node_demo\nodejs实战\blog\node_modules\express\lib\view.js:127:8)
    at tryRender (G:\github\develop-files\node_demo\nodejs实战\blog\node_modules\express\lib\application.js:640:10)
    at EventEmitter.render (G:\github\develop-files\node_demo\nodejs实战\blog\node_modules\express\lib\application.js:592:3)
    at ServerResponse.render (G:\github\develop-files\node_demo\nodejs实战\blog\node_modules\express\lib\response.js:971:7)
    at G:\github\develop-files\node_demo\nodejs实战\blog\routes\index.js:250:7
    at G:\github\develop-files\node_demo\nodejs实战\blog\models\post.js:127:5
[Sun May 06 2018 01:45:24 GMT+0800 (中国标准时间)]/u/admin/2018-5-5/9
TypeError: G:\github\develop-files\node_demo\nodejs实战\blog\views\article.ejs:16
    14| <% var flag = 1 %>
    15| <% if(user && (user.name != post.name)){ %>
 >> 16| 	<% if((post.reprint_info.reprint_to != "undefined") && (user.name == post.reprint_info.reprint_from.name)){ %>
    17| 		<% flag = 0 %>
    18| 	<% } %>
    19| 	<% if(post.reprint_info.reprint_to){ %>

Cannot read property 'name' of undefined
    at eval (eval at compile (G:\github\develop-files\node_demo\nodejs实战\blog\node_modules\ejs\lib\ejs.js:592:12), <anonymous>:76:104)
    at returnedFn (G:\github\develop-files\node_demo\nodejs实战\blog\node_modules\ejs\lib\ejs.js:623:17)
    at tryHandleCache (G:\github\develop-files\node_demo\nodejs实战\blog\node_modules\ejs\lib\ejs.js:251:36)
    at View.exports.renderFile [as engine] (G:\github\develop-files\node_demo\nodejs实战\blog\node_modules\ejs\lib\ejs.js:480:10)
    at View.render (G:\github\develop-files\node_demo\nodejs实战\blog\node_modules\express\lib\view.js:127:8)
    at tryRender (G:\github\develop-files\node_demo\nodejs实战\blog\node_modules\express\lib\application.js:640:10)
    at EventEmitter.render (G:\github\develop-files\node_demo\nodejs实战\blog\node_modules\express\lib\application.js:592:3)
    at ServerResponse.render (G:\github\develop-files\node_demo\nodejs实战\blog\node_modules\express\lib\response.js:971:7)
    at G:\github\develop-files\node_demo\nodejs实战\blog\routes\index.js:250:7
    at G:\github\develop-files\node_demo\nodejs实战\blog\models\post.js:127:5
[Sun May 06 2018 01:45:56 GMT+0800 (中国标准时间)]/u/admin/2018-5-5/9
TypeError: G:\github\develop-files\node_demo\nodejs实战\blog\views\article.ejs:16
    14| <% var flag = 1 %>
    15| <% if(user && (user.name != post.name)){ %>
 >> 16| 	<% if(post.reprint_info.reprint_to && (user.name == post.reprint_info.reprint_from.name)){ %>
    17| 		<% flag = 0 %>
    18| 	<% } %>
    19| 	<% if(post.reprint_info.reprint_to){ %>

Cannot read property 'name' of undefined
    at eval (eval at compile (G:\github\develop-files\node_demo\nodejs实战\blog\node_modules\ejs\lib\ejs.js:592:12), <anonymous>:76:87)
    at returnedFn (G:\github\develop-files\node_demo\nodejs实战\blog\node_modules\ejs\lib\ejs.js:623:17)
    at tryHandleCache (G:\github\develop-files\node_demo\nodejs实战\blog\node_modules\ejs\lib\ejs.js:251:36)
    at View.exports.renderFile [as engine] (G:\github\develop-files\node_demo\nodejs实战\blog\node_modules\ejs\lib\ejs.js:480:10)
    at View.render (G:\github\develop-files\node_demo\nodejs实战\blog\node_modules\express\lib\view.js:127:8)
    at tryRender (G:\github\develop-files\node_demo\nodejs实战\blog\node_modules\express\lib\application.js:640:10)
    at EventEmitter.render (G:\github\develop-files\node_demo\nodejs实战\blog\node_modules\express\lib\application.js:592:3)
    at ServerResponse.render (G:\github\develop-files\node_demo\nodejs实战\blog\node_modules\express\lib\response.js:971:7)
    at G:\github\develop-files\node_demo\nodejs实战\blog\routes\index.js:250:7
    at G:\github\develop-files\node_demo\nodejs实战\blog\models\post.js:127:5
[Sun May 06 2018 01:46:14 GMT+0800 (中国标准时间)]/u/admin/2018-5-5/9
TypeError: G:\github\develop-files\node_demo\nodejs实战\blog\views\article.ejs:16
    14| <% var flag = 1 %>
    15| <% if(user && (user.name != post.name)){ %>
 >> 16| 	<% if(post.reprint_info.reprint_to && (user.name == post.reprint_info.reprint_from.name)){ %>
    17| 		<% flag = 0 %>
    18| 	<% } %>
    19| 	<% if(post.reprint_info.reprint_to){ %>

Cannot read property 'name' of undefined
    at eval (eval at compile (G:\github\develop-files\node_demo\nodejs实战\blog\node_modules\ejs\lib\ejs.js:592:12), <anonymous>:76:87)
    at returnedFn (G:\github\develop-files\node_demo\nodejs实战\blog\node_modules\ejs\lib\ejs.js:623:17)
    at tryHandleCache (G:\github\develop-files\node_demo\nodejs实战\blog\node_modules\ejs\lib\ejs.js:251:36)
    at View.exports.renderFile [as engine] (G:\github\develop-files\node_demo\nodejs实战\blog\node_modules\ejs\lib\ejs.js:480:10)
    at View.render (G:\github\develop-files\node_demo\nodejs实战\blog\node_modules\express\lib\view.js:127:8)
    at tryRender (G:\github\develop-files\node_demo\nodejs实战\blog\node_modules\express\lib\application.js:640:10)
    at EventEmitter.render (G:\github\develop-files\node_demo\nodejs实战\blog\node_modules\express\lib\application.js:592:3)
    at ServerResponse.render (G:\github\develop-files\node_demo\nodejs实战\blog\node_modules\express\lib\response.js:971:7)
    at G:\github\develop-files\node_demo\nodejs实战\blog\routes\index.js:250:7
    at G:\github\develop-files\node_demo\nodejs实战\blog\models\post.js:127:5
[Sun May 06 2018 01:46:21 GMT+0800 (中国标准时间)]/u/admin/2018-5-5/9
TypeError: G:\github\develop-files\node_demo\nodejs实战\blog\views\article.ejs:16
    14| <% var flag = 1 %>
    15| <% if(user && (user.name != post.name)){ %>
 >> 16| 	<% if(post.reprint_info.reprint_to && (user.name == post.reprint_info.reprint_from.name)){ %>
    17| 		<% flag = 0 %>
    18| 	<% } %>
    19| 	<% if(post.reprint_info.reprint_to){ %>

Cannot read property 'name' of undefined
    at eval (eval at compile (G:\github\develop-files\node_demo\nodejs实战\blog\node_modules\ejs\lib\ejs.js:592:12), <anonymous>:76:87)
    at returnedFn (G:\github\develop-files\node_demo\nodejs实战\blog\node_modules\ejs\lib\ejs.js:623:17)
    at tryHandleCache (G:\github\develop-files\node_demo\nodejs实战\blog\node_modules\ejs\lib\ejs.js:251:36)
    at View.exports.renderFile [as engine] (G:\github\develop-files\node_demo\nodejs实战\blog\node_modules\ejs\lib\ejs.js:480:10)
    at View.render (G:\github\develop-files\node_demo\nodejs实战\blog\node_modules\express\lib\view.js:127:8)
    at tryRender (G:\github\develop-files\node_demo\nodejs实战\blog\node_modules\express\lib\application.js:640:10)
    at EventEmitter.render (G:\github\develop-files\node_demo\nodejs实战\blog\node_modules\express\lib\application.js:592:3)
    at ServerResponse.render (G:\github\develop-files\node_demo\nodejs实战\blog\node_modules\express\lib\response.js:971:7)
    at G:\github\develop-files\node_demo\nodejs实战\blog\routes\index.js:250:7
    at G:\github\develop-files\node_demo\nodejs实战\blog\models\post.js:127:5
[Sun May 06 2018 01:46:39 GMT+0800 (中国标准时间)]/u/admin/2018-5-5/9
TypeError: G:\github\develop-files\node_demo\nodejs实战\blog\views\article.ejs:16
    14| <% var flag = 1 %>
    15| <% if(user && (user.name != post.name)){ %>
 >> 16| 	<% if(post.reprint_info.reprint_to && (user.name == post.reprint_info.reprint_from.name)){ %>
    17| 		<% flag = 0 %>
    18| 	<% } %>
    19| 	

Cannot read property 'name' of undefined
    at eval (eval at compile (G:\github\develop-files\node_demo\nodejs实战\blog\node_modules\ejs\lib\ejs.js:592:12), <anonymous>:76:87)
    at returnedFn (G:\github\develop-files\node_demo\nodejs实战\blog\node_modules\ejs\lib\ejs.js:623:17)
    at tryHandleCache (G:\github\develop-files\node_demo\nodejs实战\blog\node_modules\ejs\lib\ejs.js:251:36)
    at View.exports.renderFile [as engine] (G:\github\develop-files\node_demo\nodejs实战\blog\node_modules\ejs\lib\ejs.js:480:10)
    at View.render (G:\github\develop-files\node_demo\nodejs实战\blog\node_modules\express\lib\view.js:127:8)
    at tryRender (G:\github\develop-files\node_demo\nodejs实战\blog\node_modules\express\lib\application.js:640:10)
    at EventEmitter.render (G:\github\develop-files\node_demo\nodejs实战\blog\node_modules\express\lib\application.js:592:3)
    at ServerResponse.render (G:\github\develop-files\node_demo\nodejs实战\blog\node_modules\express\lib\response.js:971:7)
    at G:\github\develop-files\node_demo\nodejs实战\blog\routes\index.js:250:7
    at G:\github\develop-files\node_demo\nodejs实战\blog\models\post.js:127:5
[Sun May 06 2018 01:46:50 GMT+0800 (中国标准时间)]/u/admin/2018-5-5/9
TypeError: G:\github\develop-files\node_demo\nodejs实战\blog\views\article.ejs:16
    14| <% var flag = 1 %>
    15| <% if(user && (user.name != post.name)){ %>
 >> 16| 	<% if(post.reprint_info.reprint_to && (user.name == post.reprint_info.reprint_from.name)){ %>
    17| 		<% flag = 0 %>
    18| 	<% } %>
    19| 	

Cannot read property 'name' of undefined
    at eval (eval at compile (G:\github\develop-files\node_demo\nodejs实战\blog\node_modules\ejs\lib\ejs.js:592:12), <anonymous>:76:87)
    at returnedFn (G:\github\develop-files\node_demo\nodejs实战\blog\node_modules\ejs\lib\ejs.js:623:17)
    at tryHandleCache (G:\github\develop-files\node_demo\nodejs实战\blog\node_modules\ejs\lib\ejs.js:251:36)
    at View.exports.renderFile [as engine] (G:\github\develop-files\node_demo\nodejs实战\blog\node_modules\ejs\lib\ejs.js:480:10)
    at View.render (G:\github\develop-files\node_demo\nodejs实战\blog\node_modules\express\lib\view.js:127:8)
    at tryRender (G:\github\develop-files\node_demo\nodejs实战\blog\node_modules\express\lib\application.js:640:10)
    at EventEmitter.render (G:\github\develop-files\node_demo\nodejs实战\blog\node_modules\express\lib\application.js:592:3)
    at ServerResponse.render (G:\github\develop-files\node_demo\nodejs实战\blog\node_modules\express\lib\response.js:971:7)
    at G:\github\develop-files\node_demo\nodejs实战\blog\routes\index.js:250:7
    at G:\github\develop-files\node_demo\nodejs实战\blog\models\post.js:127:5
[Sun May 06 2018 02:05:53 GMT+0800 (中国标准时间)]/u/admin/2018-5-5/9
TypeError: G:\github\develop-files\node_demo\nodejs实战\blog\views\article.ejs:16
    14| <% var flag=1 %>
    15| <% if(user && (user.name != post.name)){ %>
 >> 16| 	<% if(post.reprint_info.reprint_to && (user.name == post.reprint_info.reprint_from.name)){ %>
    17| 		<% flag=0 %>
    18| 	<% } %>
    19| 	<% if(post.reprint_info.reprint_to){ %>

Cannot read property 'name' of undefined
    at eval (eval at compile (G:\github\develop-files\node_demo\nodejs实战\blog\node_modules\ejs\lib\ejs.js:592:12), <anonymous>:76:87)
    at returnedFn (G:\github\develop-files\node_demo\nodejs实战\blog\node_modules\ejs\lib\ejs.js:623:17)
    at tryHandleCache (G:\github\develop-files\node_demo\nodejs实战\blog\node_modules\ejs\lib\ejs.js:251:36)
    at View.exports.renderFile [as engine] (G:\github\develop-files\node_demo\nodejs实战\blog\node_modules\ejs\lib\ejs.js:480:10)
    at View.render (G:\github\develop-files\node_demo\nodejs实战\blog\node_modules\express\lib\view.js:127:8)
    at tryRender (G:\github\develop-files\node_demo\nodejs实战\blog\node_modules\express\lib\application.js:640:10)
    at EventEmitter.render (G:\github\develop-files\node_demo\nodejs实战\blog\node_modules\express\lib\application.js:592:3)
    at ServerResponse.render (G:\github\develop-files\node_demo\nodejs实战\blog\node_modules\express\lib\response.js:971:7)
    at G:\github\develop-files\node_demo\nodejs实战\blog\routes\index.js:250:7
    at G:\github\develop-files\node_demo\nodejs实战\blog\models\post.js:127:5
